{"/Users/stephaniesenoner/Documents/workshops/nextjs-testing/src/app/page.tsx": {"path":"/Users/stephaniesenoner/Documents/workshops/nextjs-testing/src/app/page.tsx","all":false,"statementMap":{"0":{"start":{"line":1,"column":0},"end":{"line":1,"column":54}},"1":{"start":{"line":2,"column":0},"end":{"line":2,"column":15}},"2":{"start":{"line":3,"column":0},"end":{"line":3,"column":0}},"3":{"start":{"line":4,"column":0},"end":{"line":4,"column":13}},"4":{"start":{"line":5,"column":0},"end":{"line":5,"column":40}},"5":{"start":{"line":6,"column":0},"end":{"line":6,"column":45}},"6":{"start":{"line":7,"column":0},"end":{"line":7,"column":61}},"7":{"start":{"line":8,"column":0},"end":{"line":8,"column":0}},"8":{"start":{"line":9,"column":0},"end":{"line":9,"column":36}},"9":{"start":{"line":10,"column":0},"end":{"line":10,"column":53}},"10":{"start":{"line":11,"column":0},"end":{"line":11,"column":0}},"11":{"start":{"line":12,"column":0},"end":{"line":12,"column":42}},"12":{"start":{"line":13,"column":0},"end":{"line":13,"column":39}},"13":{"start":{"line":14,"column":0},"end":{"line":14,"column":4}},"14":{"start":{"line":15,"column":0},"end":{"line":15,"column":0}},"15":{"start":{"line":16,"column":0},"end":{"line":16,"column":27}},"16":{"start":{"line":17,"column":0},"end":{"line":17,"column":9}},"17":{"start":{"line":18,"column":0},"end":{"line":18,"column":67}},"18":{"start":{"line":19,"column":0},"end":{"line":19,"column":26}},"19":{"start":{"line":20,"column":0},"end":{"line":20,"column":27}},"20":{"start":{"line":21,"column":0},"end":{"line":21,"column":5}},"21":{"start":{"line":22,"column":0},"end":{"line":22,"column":4}},"22":{"start":{"line":23,"column":0},"end":{"line":23,"column":0}},"23":{"start":{"line":24,"column":0},"end":{"line":24,"column":30}},"24":{"start":{"line":25,"column":0},"end":{"line":25,"column":19}},"25":{"start":{"line":26,"column":0},"end":{"line":26,"column":4}},"26":{"start":{"line":27,"column":0},"end":{"line":27,"column":0}},"27":{"start":{"line":28,"column":0},"end":{"line":28,"column":10}},"28":{"start":{"line":29,"column":0},"end":{"line":29,"column":38}},"29":{"start":{"line":30,"column":0},"end":{"line":30,"column":59}},"30":{"start":{"line":31,"column":0},"end":{"line":31,"column":0}},"31":{"start":{"line":32,"column":0},"end":{"line":32,"column":41}},"32":{"start":{"line":33,"column":0},"end":{"line":33,"column":62}},"33":{"start":{"line":34,"column":0},"end":{"line":34,"column":26}},"34":{"start":{"line":35,"column":0},"end":{"line":35,"column":14}},"35":{"start":{"line":36,"column":0},"end":{"line":36,"column":40}},"36":{"start":{"line":37,"column":0},"end":{"line":37,"column":82}},"37":{"start":{"line":38,"column":0},"end":{"line":38,"column":93}},"38":{"start":{"line":39,"column":0},"end":{"line":39,"column":95}},"39":{"start":{"line":40,"column":0},"end":{"line":40,"column":92}},"40":{"start":{"line":41,"column":0},"end":{"line":41,"column":92}},"41":{"start":{"line":42,"column":0},"end":{"line":42,"column":92}},"42":{"start":{"line":43,"column":0},"end":{"line":43,"column":91}},"43":{"start":{"line":44,"column":0},"end":{"line":44,"column":91}},"44":{"start":{"line":45,"column":0},"end":{"line":45,"column":91}},"45":{"start":{"line":46,"column":0},"end":{"line":46,"column":91}},"46":{"start":{"line":47,"column":0},"end":{"line":47,"column":90}},"47":{"start":{"line":48,"column":0},"end":{"line":48,"column":79}},"48":{"start":{"line":49,"column":0},"end":{"line":49,"column":90}},"49":{"start":{"line":50,"column":0},"end":{"line":50,"column":90}},"50":{"start":{"line":51,"column":0},"end":{"line":51,"column":92}},"51":{"start":{"line":52,"column":0},"end":{"line":52,"column":27}},"52":{"start":{"line":53,"column":0},"end":{"line":53,"column":21}},"53":{"start":{"line":54,"column":0},"end":{"line":54,"column":44}},"54":{"start":{"line":55,"column":0},"end":{"line":55,"column":29}},"55":{"start":{"line":56,"column":0},"end":{"line":56,"column":67}},"56":{"start":{"line":57,"column":0},"end":{"line":57,"column":12}},"57":{"start":{"line":58,"column":0},"end":{"line":58,"column":90}},"58":{"start":{"line":59,"column":0},"end":{"line":59,"column":14}},"59":{"start":{"line":60,"column":0},"end":{"line":60,"column":12}},"60":{"start":{"line":61,"column":0},"end":{"line":61,"column":10}},"61":{"start":{"line":62,"column":0},"end":{"line":62,"column":4}},"62":{"start":{"line":63,"column":0},"end":{"line":63,"column":2}},"63":{"start":{"line":64,"column":0},"end":{"line":64,"column":0}},"64":{"start":{"line":65,"column":0},"end":{"line":65,"column":26}}},"s":{"0":1,"1":1,"2":1,"3":1,"4":1,"5":1,"6":1,"7":1,"8":1,"9":26,"10":26,"11":26,"12":14,"13":14,"14":26,"15":26,"16":4,"17":4,"18":4,"19":1,"20":1,"21":4,"22":26,"23":26,"24":1,"25":1,"26":26,"27":26,"28":26,"29":26,"30":26,"31":26,"32":26,"33":26,"34":26,"35":26,"36":26,"37":26,"38":26,"39":26,"40":26,"41":26,"42":26,"43":26,"44":26,"45":26,"46":26,"47":26,"48":26,"49":26,"50":26,"51":26,"52":26,"53":26,"54":26,"55":26,"56":26,"57":26,"58":26,"59":26,"60":26,"61":26,"62":26,"63":1,"64":1},"branchMap":{"0":{"type":"branch","line":9,"loc":{"start":{"line":9,"column":29},"end":{"line":63,"column":2}},"locations":[{"start":{"line":9,"column":29},"end":{"line":63,"column":2}}]},"1":{"type":"branch","line":34,"loc":{"start":{"line":34,"column":11},"end":{"line":34,"column":26}},"locations":[{"start":{"line":34,"column":11},"end":{"line":34,"column":26}}]},"2":{"type":"branch","line":12,"loc":{"start":{"line":12,"column":22},"end":{"line":14,"column":4}},"locations":[{"start":{"line":12,"column":22},"end":{"line":14,"column":4}}]},"3":{"type":"branch","line":13,"loc":{"start":{"line":13,"column":15},"end":{"line":13,"column":39}},"locations":[{"start":{"line":13,"column":15},"end":{"line":13,"column":39}}]},"4":{"type":"branch","line":16,"loc":{"start":{"line":16,"column":20},"end":{"line":22,"column":4}},"locations":[{"start":{"line":16,"column":20},"end":{"line":22,"column":4}}]},"5":{"type":"branch","line":19,"loc":{"start":{"line":19,"column":6},"end":{"line":21,"column":5}},"locations":[{"start":{"line":19,"column":6},"end":{"line":21,"column":5}}]},"6":{"type":"branch","line":24,"loc":{"start":{"line":24,"column":23},"end":{"line":26,"column":4}},"locations":[{"start":{"line":24,"column":23},"end":{"line":26,"column":4}}]},"7":{"type":"branch","line":38,"loc":{"start":{"line":38,"column":47},"end":{"line":38,"column":71}},"locations":[{"start":{"line":38,"column":47},"end":{"line":38,"column":71}}]},"8":{"type":"branch","line":42,"loc":{"start":{"line":42,"column":47},"end":{"line":42,"column":71}},"locations":[{"start":{"line":42,"column":47},"end":{"line":42,"column":71}}]},"9":{"type":"branch","line":44,"loc":{"start":{"line":44,"column":47},"end":{"line":44,"column":71}},"locations":[{"start":{"line":44,"column":47},"end":{"line":44,"column":71}}]},"10":{"type":"branch","line":45,"loc":{"start":{"line":45,"column":47},"end":{"line":45,"column":71}},"locations":[{"start":{"line":45,"column":47},"end":{"line":45,"column":71}}]},"11":{"type":"branch","line":46,"loc":{"start":{"line":46,"column":47},"end":{"line":46,"column":71}},"locations":[{"start":{"line":46,"column":47},"end":{"line":46,"column":71}}]},"12":{"type":"branch","line":49,"loc":{"start":{"line":49,"column":47},"end":{"line":49,"column":71}},"locations":[{"start":{"line":49,"column":47},"end":{"line":49,"column":71}}]},"13":{"type":"branch","line":50,"loc":{"start":{"line":50,"column":47},"end":{"line":50,"column":71}},"locations":[{"start":{"line":50,"column":47},"end":{"line":50,"column":71}}]},"14":{"type":"branch","line":51,"loc":{"start":{"line":51,"column":47},"end":{"line":51,"column":71}},"locations":[{"start":{"line":51,"column":47},"end":{"line":51,"column":71}}]},"15":{"type":"branch","line":54,"loc":{"start":{"line":54,"column":21},"end":{"line":54,"column":44}},"locations":[{"start":{"line":54,"column":21},"end":{"line":54,"column":44}}]}},"b":{"0":[26],"1":[8],"2":[14],"3":[14],"4":[4],"5":[1],"6":[1],"7":[2],"8":[2],"9":[3],"10":[1],"11":[2],"12":[1],"13":[1],"14":[1],"15":[1]},"fnMap":{"0":{"name":"Calculator","decl":{"start":{"line":9,"column":29},"end":{"line":63,"column":2}},"loc":{"start":{"line":9,"column":29},"end":{"line":63,"column":2}},"line":9},"1":{"name":"handleClick","decl":{"start":{"line":12,"column":22},"end":{"line":14,"column":4}},"loc":{"start":{"line":12,"column":22},"end":{"line":14,"column":4}},"line":12},"2":{"name":"calculate","decl":{"start":{"line":16,"column":20},"end":{"line":22,"column":4}},"loc":{"start":{"line":16,"column":20},"end":{"line":22,"column":4}},"line":16},"3":{"name":"clearDisplay","decl":{"start":{"line":24,"column":23},"end":{"line":26,"column":4}},"loc":{"start":{"line":24,"column":23},"end":{"line":26,"column":4}},"line":24},"4":{"name":"onClick","decl":{"start":{"line":38,"column":47},"end":{"line":38,"column":71}},"loc":{"start":{"line":38,"column":47},"end":{"line":38,"column":71}},"line":38},"5":{"name":"onClick","decl":{"start":{"line":39,"column":47},"end":{"line":39,"column":71}},"loc":{"start":{"line":39,"column":47},"end":{"line":39,"column":71}},"line":39},"6":{"name":"onClick","decl":{"start":{"line":40,"column":47},"end":{"line":40,"column":71}},"loc":{"start":{"line":40,"column":47},"end":{"line":40,"column":71}},"line":40},"7":{"name":"onClick","decl":{"start":{"line":41,"column":47},"end":{"line":41,"column":71}},"loc":{"start":{"line":41,"column":47},"end":{"line":41,"column":71}},"line":41},"8":{"name":"onClick","decl":{"start":{"line":42,"column":47},"end":{"line":42,"column":71}},"loc":{"start":{"line":42,"column":47},"end":{"line":42,"column":71}},"line":42},"9":{"name":"onClick","decl":{"start":{"line":43,"column":47},"end":{"line":43,"column":71}},"loc":{"start":{"line":43,"column":47},"end":{"line":43,"column":71}},"line":43},"10":{"name":"onClick","decl":{"start":{"line":44,"column":47},"end":{"line":44,"column":71}},"loc":{"start":{"line":44,"column":47},"end":{"line":44,"column":71}},"line":44},"11":{"name":"onClick","decl":{"start":{"line":45,"column":47},"end":{"line":45,"column":71}},"loc":{"start":{"line":45,"column":47},"end":{"line":45,"column":71}},"line":45},"12":{"name":"onClick","decl":{"start":{"line":46,"column":47},"end":{"line":46,"column":71}},"loc":{"start":{"line":46,"column":47},"end":{"line":46,"column":71}},"line":46},"13":{"name":"onClick","decl":{"start":{"line":47,"column":47},"end":{"line":47,"column":71}},"loc":{"start":{"line":47,"column":47},"end":{"line":47,"column":71}},"line":47},"14":{"name":"onClick","decl":{"start":{"line":49,"column":47},"end":{"line":49,"column":71}},"loc":{"start":{"line":49,"column":47},"end":{"line":49,"column":71}},"line":49},"15":{"name":"onClick","decl":{"start":{"line":50,"column":47},"end":{"line":50,"column":71}},"loc":{"start":{"line":50,"column":47},"end":{"line":50,"column":71}},"line":50},"16":{"name":"onClick","decl":{"start":{"line":51,"column":47},"end":{"line":51,"column":71}},"loc":{"start":{"line":51,"column":47},"end":{"line":51,"column":71}},"line":51},"17":{"name":"onClick","decl":{"start":{"line":54,"column":21},"end":{"line":54,"column":44}},"loc":{"start":{"line":54,"column":21},"end":{"line":54,"column":44}},"line":54},"18":{"name":"onClick","decl":{"start":{"line":58,"column":47},"end":{"line":58,"column":71}},"loc":{"start":{"line":58,"column":47},"end":{"line":58,"column":71}},"line":58}},"f":{"0":26,"1":14,"2":4,"3":1,"4":2,"5":0,"6":0,"7":0,"8":2,"9":0,"10":3,"11":1,"12":2,"13":0,"14":1,"15":1,"16":1,"17":1,"18":0}}
,"/Users/stephaniesenoner/Documents/workshops/nextjs-testing/src/components/CalculatorButton.tsx": {"path":"/Users/stephaniesenoner/Documents/workshops/nextjs-testing/src/components/CalculatorButton.tsx","all":false,"statementMap":{"0":{"start":{"line":1,"column":0},"end":{"line":1,"column":34}},"1":{"start":{"line":2,"column":0},"end":{"line":2,"column":0}},"2":{"start":{"line":3,"column":0},"end":{"line":3,"column":26}},"3":{"start":{"line":4,"column":0},"end":{"line":4,"column":84}},"4":{"start":{"line":5,"column":0},"end":{"line":5,"column":0}},"5":{"start":{"line":6,"column":0},"end":{"line":6,"column":33}},"6":{"start":{"line":7,"column":0},"end":{"line":7,"column":16}},"7":{"start":{"line":8,"column":0},"end":{"line":8,"column":22}},"8":{"start":{"line":9,"column":0},"end":{"line":9,"column":22}},"9":{"start":{"line":10,"column":0},"end":{"line":10,"column":21}},"10":{"start":{"line":11,"column":0},"end":{"line":11,"column":1}},"11":{"start":{"line":12,"column":0},"end":{"line":12,"column":0}},"12":{"start":{"line":13,"column":0},"end":{"line":13,"column":60}},"13":{"start":{"line":14,"column":0},"end":{"line":14,"column":8}},"14":{"start":{"line":15,"column":0},"end":{"line":15,"column":10}},"15":{"start":{"line":16,"column":0},"end":{"line":16,"column":13}},"16":{"start":{"line":17,"column":0},"end":{"line":17,"column":17}},"17":{"start":{"line":18,"column":0},"end":{"line":18,"column":7}},"18":{"start":{"line":19,"column":0},"end":{"line":19,"column":10}},"19":{"start":{"line":20,"column":0},"end":{"line":20,"column":99}},"20":{"start":{"line":21,"column":0},"end":{"line":21,"column":13}},"21":{"start":{"line":22,"column":0},"end":{"line":22,"column":13}},"22":{"start":{"line":23,"column":0},"end":{"line":23,"column":4}},"23":{"start":{"line":24,"column":0},"end":{"line":24,"column":2}},"24":{"start":{"line":25,"column":0},"end":{"line":25,"column":0}},"25":{"start":{"line":26,"column":0},"end":{"line":26,"column":32}}},"s":{"0":1,"1":1,"2":1,"3":1,"4":1,"5":1,"6":1,"7":1,"8":1,"9":1,"10":1,"11":1,"12":1,"13":442,"14":442,"15":442,"16":442,"17":442,"18":442,"19":442,"20":442,"21":442,"22":442,"23":442,"24":1,"25":1},"branchMap":{"0":{"type":"branch","line":13,"loc":{"start":{"line":13,"column":58},"end":{"line":24,"column":2}},"locations":[{"start":{"line":13,"column":58},"end":{"line":24,"column":2}}]}},"b":{"0":[442]},"fnMap":{"0":{"name":"CalculatorButton","decl":{"start":{"line":13,"column":58},"end":{"line":24,"column":2}},"loc":{"start":{"line":13,"column":58},"end":{"line":24,"column":2}},"line":13}},"f":{"0":442}}
}
