TN:
SF:src/app/page.tsx
FN:9,Calculator
FN:12,handleClick
FN:16,calculate
FN:24,clearDisplay
FN:38,onClick
FN:39,onClick
FN:40,onClick
FN:41,onClick
FN:42,onClick
FN:43,onClick
FN:44,onClick
FN:45,onClick
FN:46,onClick
FN:47,onClick
FN:49,onClick
FN:50,onClick
FN:51,onClick
FN:54,onClick
FN:58,onClick
FNF:19
FNH:13
FNDA:26,Calculator
FNDA:14,handleClick
FNDA:4,calculate
FNDA:1,clearDisplay
FNDA:2,onClick
FNDA:0,onClick
FNDA:0,onClick
FNDA:0,onClick
FNDA:2,onClick
FNDA:0,onClick
FNDA:3,onClick
FNDA:1,onClick
FNDA:2,onClick
FNDA:0,onClick
FNDA:1,onClick
FNDA:1,onClick
FNDA:1,onClick
FNDA:1,onClick
FNDA:0,onClick
DA:1,1
DA:2,1
DA:3,1
DA:4,1
DA:5,1
DA:6,1
DA:7,1
DA:8,1
DA:9,1
DA:10,26
DA:11,26
DA:12,26
DA:13,14
DA:14,14
DA:15,26
DA:16,26
DA:17,4
DA:18,4
DA:19,4
DA:20,1
DA:21,1
DA:22,4
DA:23,26
DA:24,26
DA:25,1
DA:26,1
DA:27,26
DA:28,26
DA:29,26
DA:30,26
DA:31,26
DA:32,26
DA:33,26
DA:34,26
DA:35,26
DA:36,26
DA:37,26
DA:38,26
DA:39,26
DA:40,26
DA:41,26
DA:42,26
DA:43,26
DA:44,26
DA:45,26
DA:46,26
DA:47,26
DA:48,26
DA:49,26
DA:50,26
DA:51,26
DA:52,26
DA:53,26
DA:54,26
DA:55,26
DA:56,26
DA:57,26
DA:58,26
DA:59,26
DA:60,26
DA:61,26
DA:62,26
DA:63,26
DA:64,1
DA:65,1
LF:65
LH:65
BRDA:9,0,0,26
BRDA:34,1,0,8
BRDA:12,2,0,14
BRDA:13,3,0,14
BRDA:16,4,0,4
BRDA:19,5,0,1
BRDA:24,6,0,1
BRDA:38,7,0,2
BRDA:42,8,0,2
BRDA:44,9,0,3
BRDA:45,10,0,1
BRDA:46,11,0,2
BRDA:49,12,0,1
BRDA:50,13,0,1
BRDA:51,14,0,1
BRDA:54,15,0,1
BRF:16
BRH:16
end_of_record
TN:
SF:src/components/CalculatorButton.tsx
FN:13,CalculatorButton
FNF:1
FNH:1
FNDA:445,CalculatorButton
DA:1,1
DA:2,1
DA:3,1
DA:4,1
DA:5,1
DA:6,1
DA:7,1
DA:8,1
DA:9,1
DA:10,1
DA:11,1
DA:12,1
DA:13,1
DA:14,445
DA:15,445
DA:16,445
DA:17,445
DA:18,445
DA:19,445
DA:20,445
DA:21,445
DA:22,445
DA:23,445
DA:24,445
DA:25,1
DA:26,1
LF:26
LH:26
BRDA:13,0,0,445
BRF:1
BRH:1
end_of_record
